6549 [Spring Shell] ERROR c.s.ambari.client.AmbariClient - Error occurred during GET request to null, exception: 
org.apache.http.conn.HttpHostConnectException: Connection to http://localhost:8080 refused
	at org.apache.http.impl.conn.DefaultClientConnectionOperator.openConnection(DefaultClientConnectionOperator.java:190) ~[httpclient-4.2.5.jar!/:4.2.5]
	at org.apache.http.impl.conn.ManagedClientConnectionImpl.open(ManagedClientConnectionImpl.java:294) ~[httpclient-4.2.5.jar!/:4.2.5]
	at org.apache.http.impl.client.DefaultRequestDirector.tryConnect(DefaultRequestDirector.java:643) ~[httpclient-4.2.5.jar!/:4.2.5]
	at org.apache.http.impl.client.DefaultRequestDirector.execute(DefaultRequestDirector.java:479) ~[httpclient-4.2.5.jar!/:4.2.5]
	at org.apache.http.impl.client.AbstractHttpClient.execute(AbstractHttpClient.java:906) ~[httpclient-4.2.5.jar!/:4.2.5]
	at org.apache.http.impl.client.AbstractHttpClient.execute(AbstractHttpClient.java:1138) ~[httpclient-4.2.5.jar!/:4.2.5]
	at org.apache.http.impl.client.AbstractHttpClient.execute(AbstractHttpClient.java:1076) ~[httpclient-4.2.5.jar!/:4.2.5]
	at groovyx.net.http.HTTPBuilder.doRequest(HTTPBuilder.java:515) ~[http-builder-0.7.1.jar!/:na]
	at groovyx.net.http.RESTClient.get(RESTClient.java:119) ~[http-builder-0.7.1.jar!/:na]
	at groovyx.net.http.RESTClient$get.call(Unknown Source) ~[na:na]
	at org.codehaus.groovy.runtime.callsite.CallSiteArray.defaultCall(CallSiteArray.java:45) [groovy-all-2.1.8.jar!/:2.1.8]
	at org.codehaus.groovy.runtime.callsite.AbstractCallSite.call(AbstractCallSite.java:108) [groovy-all-2.1.8.jar!/:2.1.8]
	at org.codehaus.groovy.runtime.callsite.AbstractCallSite.call(AbstractCallSite.java:116) [groovy-all-2.1.8.jar!/:2.1.8]
	at com.sequenceiq.ambari.client.AmbariClient.getRawResource(AmbariClient.groovy:1205) [ambari-client20-2.0.1.jar!/:na]
	at com.sequenceiq.ambari.client.AmbariClient.this$2$getRawResource(AmbariClient.groovy) [ambari-client20-2.0.1.jar!/:na]
	at com.sequenceiq.ambari.client.AmbariClient$this$2$getRawResource$3.callCurrent(Unknown Source) [ambari-client20-2.0.1.jar!/:na]
	at org.codehaus.groovy.runtime.callsite.CallSiteArray.defaultCallCurrent(CallSiteArray.java:49) [groovy-all-2.1.8.jar!/:2.1.8]
	at org.codehaus.groovy.runtime.callsite.AbstractCallSite.callCurrent(AbstractCallSite.java:133) [groovy-all-2.1.8.jar!/:2.1.8]
	at org.codehaus.groovy.runtime.callsite.AbstractCallSite.callCurrent(AbstractCallSite.java:141) [groovy-all-2.1.8.jar!/:2.1.8]
	at com.sequenceiq.ambari.client.AmbariClient.getSlurpedResource(AmbariClient.groovy:1225) [ambari-client20-2.0.1.jar!/:na]
	at com.sequenceiq.ambari.client.AmbariClient.this$2$getSlurpedResource(AmbariClient.groovy) [ambari-client20-2.0.1.jar!/:na]
	at com.sequenceiq.ambari.client.AmbariClient$this$2$getSlurpedResource$2.callCurrent(Unknown Source) [ambari-client20-2.0.1.jar!/:na]
	at org.codehaus.groovy.runtime.callsite.CallSiteArray.defaultCallCurrent(CallSiteArray.java:49) [groovy-all-2.1.8.jar!/:2.1.8]
	at org.codehaus.groovy.runtime.callsite.AbstractCallSite.callCurrent(AbstractCallSite.java:133) [groovy-all-2.1.8.jar!/:2.1.8]
	at org.codehaus.groovy.runtime.callsite.AbstractCallSite.callCurrent(AbstractCallSite.java:141) [groovy-all-2.1.8.jar!/:2.1.8]
	at com.sequenceiq.ambari.client.AmbariClient.slurp(AmbariClient.groovy:1268) [ambari-client20-2.0.1.jar!/:na]
	at com.sequenceiq.ambari.client.AmbariClient.this$2$slurp(AmbariClient.groovy) [ambari-client20-2.0.1.jar!/:na]
	at com.sequenceiq.ambari.client.AmbariClient$this$2$slurp$0.callCurrent(Unknown Source) [ambari-client20-2.0.1.jar!/:na]
	at org.codehaus.groovy.runtime.callsite.CallSiteArray.defaultCallCurrent(CallSiteArray.java:49) [groovy-all-2.1.8.jar!/:2.1.8]
	at org.codehaus.groovy.runtime.callsite.AbstractCallSite.callCurrent(AbstractCallSite.java:133) [groovy-all-2.1.8.jar!/:2.1.8]
	at org.codehaus.groovy.runtime.callsite.AbstractCallSite.callCurrent(AbstractCallSite.java:145) [groovy-all-2.1.8.jar!/:2.1.8]
	at com.sequenceiq.ambari.client.AmbariClient.getClusters(AmbariClient.groovy:1303) [ambari-client20-2.0.1.jar!/:na]
	at com.sequenceiq.ambari.client.AmbariClient.this$2$getClusters(AmbariClient.groovy) [ambari-client20-2.0.1.jar!/:na]
	at com.sequenceiq.ambari.client.AmbariClient$this$2$getClusters.callCurrent(Unknown Source) [ambari-client20-2.0.1.jar!/:na]
	at org.codehaus.groovy.runtime.callsite.CallSiteArray.defaultCallCurrent(CallSiteArray.java:49) [groovy-all-2.1.8.jar!/:2.1.8]
	at org.codehaus.groovy.runtime.callsite.AbstractCallSite.callCurrent(AbstractCallSite.java:133) [groovy-all-2.1.8.jar!/:2.1.8]
	at org.codehaus.groovy.runtime.callsite.AbstractCallSite.callCurrent(AbstractCallSite.java:137) [groovy-all-2.1.8.jar!/:2.1.8]
	at com.sequenceiq.ambari.client.AmbariClient.getClusterName(AmbariClient.groovy:88) [ambari-client20-2.0.1.jar!/:na]
	at com.sequenceiq.ambari.shell.AmbariShell.onShellStatusChange(AmbariShell.java:72) [ambari-shell.jar!/:na]
	at org.springframework.shell.event.AbstractShellStatusPublisher.setShellStatus(AbstractShellStatusPublisher.java:76) [spring-shell-1.1.0.RELEASE.jar!/:1.1.0.RELEASE]
	at org.springframework.shell.event.AbstractShellStatusPublisher.setShellStatus(AbstractShellStatusPublisher.java:57) [spring-shell-1.1.0.RELEASE.jar!/:1.1.0.RELEASE]
	at org.springframework.shell.core.JLineShell.run(JLineShell.java:151) [spring-shell-1.1.0.RELEASE.jar!/:1.1.0.RELEASE]
	at java.lang.Thread.run(Thread.java:745) [na:1.7.0_75]
Caused by: java.net.ConnectException: Connection refused
	at java.net.PlainSocketImpl.socketConnect(Native Method) ~[na:1.7.0_75]
	at java.net.AbstractPlainSocketImpl.doConnect(AbstractPlainSocketImpl.java:339) ~[na:1.7.0_75]
	at java.net.AbstractPlainSocketImpl.connectToAddress(AbstractPlainSocketImpl.java:200) ~[na:1.7.0_75]
	at java.net.AbstractPlainSocketImpl.connect(AbstractPlainSocketImpl.java:182) ~[na:1.7.0_75]
	at java.net.SocksSocketImpl.connect(SocksSocketImpl.java:392) ~[na:1.7.0_75]
	at java.net.Socket.connect(Socket.java:579) ~[na:1.7.0_75]
	at org.apache.http.conn.scheme.PlainSocketFactory.connectSocket(PlainSocketFactory.java:127) ~[httpclient-4.2.5.jar!/:4.2.5]
	at org.apache.http.impl.conn.DefaultClientConnectionOperator.openConnection(DefaultClientConnectionOperator.java:180) ~[httpclient-4.2.5.jar!/:4.2.5]
	... 42 common frames omitted
6589 [Spring Shell] ERROR c.s.ambari.client.AmbariClient - Error occurred during GET request to null, exception: 
org.apache.http.conn.HttpHostConnectException: Connection to http://localhost:8080 refused
	at org.apache.http.impl.conn.DefaultClientConnectionOperator.openConnection(DefaultClientConnectionOperator.java:190) ~[httpclient-4.2.5.jar!/:4.2.5]
	at org.apache.http.impl.conn.ManagedClientConnectionImpl.open(ManagedClientConnectionImpl.java:294) ~[httpclient-4.2.5.jar!/:4.2.5]
	at org.apache.http.impl.client.DefaultRequestDirector.tryConnect(DefaultRequestDirector.java:643) ~[httpclient-4.2.5.jar!/:4.2.5]
	at org.apache.http.impl.client.DefaultRequestDirector.execute(DefaultRequestDirector.java:479) ~[httpclient-4.2.5.jar!/:4.2.5]
	at org.apache.http.impl.client.AbstractHttpClient.execute(AbstractHttpClient.java:906) ~[httpclient-4.2.5.jar!/:4.2.5]
	at org.apache.http.impl.client.AbstractHttpClient.execute(AbstractHttpClient.java:1138) ~[httpclient-4.2.5.jar!/:4.2.5]
	at org.apache.http.impl.client.AbstractHttpClient.execute(AbstractHttpClient.java:1076) ~[httpclient-4.2.5.jar!/:4.2.5]
	at groovyx.net.http.HTTPBuilder.doRequest(HTTPBuilder.java:515) ~[http-builder-0.7.1.jar!/:na]
	at groovyx.net.http.RESTClient.get(RESTClient.java:119) ~[http-builder-0.7.1.jar!/:na]
	at groovyx.net.http.RESTClient$get.call(Unknown Source) ~[na:na]
	at com.sequenceiq.ambari.client.AmbariClient.getRawResource(AmbariClient.groovy:1205) [ambari-client20-2.0.1.jar!/:na]
	at com.sequenceiq.ambari.client.AmbariClient.this$2$getRawResource(AmbariClient.groovy) [ambari-client20-2.0.1.jar!/:na]
	at com.sequenceiq.ambari.client.AmbariClient$this$2$getRawResource$3.callCurrent(Unknown Source) [ambari-client20-2.0.1.jar!/:na]
	at com.sequenceiq.ambari.client.AmbariClient.getSlurpedResource(AmbariClient.groovy:1225) [ambari-client20-2.0.1.jar!/:na]
	at com.sequenceiq.ambari.client.AmbariClient.this$2$getSlurpedResource(AmbariClient.groovy) [ambari-client20-2.0.1.jar!/:na]
	at com.sequenceiq.ambari.client.AmbariClient$this$2$getSlurpedResource$2.callCurrent(Unknown Source) [ambari-client20-2.0.1.jar!/:na]
	at com.sequenceiq.ambari.client.AmbariClient.slurp(AmbariClient.groovy:1268) [ambari-client20-2.0.1.jar!/:na]
	at com.sequenceiq.ambari.client.AmbariClient.this$2$slurp(AmbariClient.groovy) [ambari-client20-2.0.1.jar!/:na]
	at com.sequenceiq.ambari.client.AmbariClient$this$2$slurp$0.callCurrent(Unknown Source) [ambari-client20-2.0.1.jar!/:na]
	at org.codehaus.groovy.runtime.callsite.CallSiteArray.defaultCallCurrent(CallSiteArray.java:49) [groovy-all-2.1.8.jar!/:2.1.8]
	at org.codehaus.groovy.runtime.callsite.AbstractCallSite.callCurrent(AbstractCallSite.java:133) [groovy-all-2.1.8.jar!/:2.1.8]
	at org.codehaus.groovy.runtime.callsite.AbstractCallSite.callCurrent(AbstractCallSite.java:145) [groovy-all-2.1.8.jar!/:2.1.8]
	at com.sequenceiq.ambari.client.AmbariClient.getBlueprints(AmbariClient.groovy:1294) [ambari-client20-2.0.1.jar!/:na]
	at com.sequenceiq.ambari.client.AmbariClient.isBlueprintAvailable(AmbariClient.groovy:488) [ambari-client20-2.0.1.jar!/:na]
	at com.sequenceiq.ambari.shell.AmbariShell.onShellStatusChange(AmbariShell.java:73) [ambari-shell.jar!/:na]
	at org.springframework.shell.event.AbstractShellStatusPublisher.setShellStatus(AbstractShellStatusPublisher.java:76) [spring-shell-1.1.0.RELEASE.jar!/:1.1.0.RELEASE]
	at org.springframework.shell.event.AbstractShellStatusPublisher.setShellStatus(AbstractShellStatusPublisher.java:57) [spring-shell-1.1.0.RELEASE.jar!/:1.1.0.RELEASE]
	at org.springframework.shell.core.JLineShell.run(JLineShell.java:151) [spring-shell-1.1.0.RELEASE.jar!/:1.1.0.RELEASE]
	at java.lang.Thread.run(Thread.java:745) [na:1.7.0_75]
Caused by: java.net.ConnectException: Connection refused
	at java.net.PlainSocketImpl.socketConnect(Native Method) ~[na:1.7.0_75]
	at java.net.AbstractPlainSocketImpl.doConnect(AbstractPlainSocketImpl.java:339) ~[na:1.7.0_75]
	at java.net.AbstractPlainSocketImpl.connectToAddress(AbstractPlainSocketImpl.java:200) ~[na:1.7.0_75]
	at java.net.AbstractPlainSocketImpl.connect(AbstractPlainSocketImpl.java:182) ~[na:1.7.0_75]
	at java.net.SocksSocketImpl.connect(SocksSocketImpl.java:392) ~[na:1.7.0_75]
	at java.net.Socket.connect(Socket.java:579) ~[na:1.7.0_75]
	at org.apache.http.conn.scheme.PlainSocketFactory.connectSocket(PlainSocketFactory.java:127) ~[httpclient-4.2.5.jar!/:4.2.5]
	at org.apache.http.impl.conn.DefaultClientConnectionOperator.openConnection(DefaultClientConnectionOperator.java:180) ~[httpclient-4.2.5.jar!/:4.2.5]
	... 28 common frames omitted
